<?xml version="1.0" encoding="UTF-8"?>
<coverage generated="1697382656136" clover="3.2.0">
  <project timestamp="1697382656136" name="All files">
    <metrics statements="76" coveredstatements="68" conditionals="49" coveredconditionals="37" methods="15" coveredmethods="14" elements="140" coveredelements="119" complexity="0" loc="76" ncloc="76" packages="1" files="1" classes="1"/>
    <file name="worker-manager.mjs" path="/Users/zane/.liq/playground/liquid-labs/worker-manager/src/worker-manager.mjs">
      <metrics statements="76" coveredstatements="68" conditionals="49" coveredconditionals="37" methods="15" coveredmethods="14"/>
      <line num="1" count="1" type="stmt"/>
      <line num="3" count="1" type="stmt"/>
      <line num="11" count="1" type="stmt"/>
      <line num="13" count="1" type="stmt"/>
      <line num="14" count="18" type="stmt"/>
      <line num="24" count="9" type="stmt"/>
      <line num="25" count="9" type="stmt"/>
      <line num="26" count="9" type="stmt"/>
      <line num="28" count="9" type="stmt"/>
      <line num="29" count="7" type="stmt"/>
      <line num="30" count="1" type="stmt"/>
      <line num="31" count="1" type="cond" truecount="6" falsecount="6"/>
      <line num="33" count="1" type="cond" truecount="3" falsecount="0"/>
      <line num="34" count="1" type="stmt"/>
      <line num="41" count="1" type="cond" truecount="1" falsecount="0"/>
      <line num="49" count="8" type="stmt"/>
      <line num="50" count="8" type="stmt"/>
      <line num="51" count="8" type="stmt"/>
      <line num="52" count="1" type="stmt"/>
      <line num="53" count="1" type="cond" truecount="1" falsecount="0"/>
      <line num="54" count="1" type="stmt"/>
      <line num="57" count="8" type="stmt"/>
      <line num="59" count="8" type="stmt"/>
      <line num="61" count="8" type="stmt"/>
      <line num="74" count="8" type="stmt"/>
      <line num="75" count="8" type="stmt"/>
      <line num="76" count="8" type="cond" truecount="1" falsecount="0"/>
      <line num="77" count="8" type="stmt"/>
      <line num="78" count="8" type="stmt"/>
      <line num="80" count="8" type="cond" truecount="1" falsecount="0"/>
      <line num="81" count="1" type="stmt"/>
      <line num="84" count="8" type="stmt"/>
      <line num="85" count="1" type="cond" truecount="1" falsecount="0"/>
      <line num="87" count="1" type="stmt"/>
      <line num="89" count="1" type="stmt"/>
      <line num="90" count="1" type="cond" truecount="1" falsecount="0"/>
      <line num="91" count="1" type="stmt"/>
      <line num="92" count="1" type="stmt"/>
      <line num="94" count="1" type="cond" truecount="1" falsecount="0"/>
      <line num="95" count="1" type="stmt"/>
      <line num="97" count="1" type="stmt"/>
      <line num="99" count="8" type="stmt"/>
      <line num="100" count="0" type="cond" truecount="0" falsecount="1"/>
      <line num="102" count="0" type="stmt"/>
      <line num="104" count="0" type="stmt"/>
      <line num="105" count="0" type="cond" truecount="0" falsecount="1"/>
      <line num="106" count="0" type="stmt"/>
      <line num="107" count="0" type="stmt"/>
      <line num="109" count="0" type="cond" truecount="0" falsecount="1"/>
      <line num="110" count="0" type="stmt"/>
      <line num="113" count="8" type="stmt"/>
      <line num="114" count="13" type="stmt"/>
      <line num="115" count="13" type="stmt"/>
      <line num="116" count="13" type="cond" truecount="1" falsecount="0"/>
      <line num="117" count="13" type="stmt"/>
      <line num="118" count="13" type="cond" truecount="1" falsecount="0"/>
      <line num="119" count="1" type="stmt"/>
      <line num="122" count="13" type="cond" truecount="1" falsecount="0"/>
      <line num="123" count="1" type="stmt"/>
      <line num="126" count="8" type="stmt"/>
      <line num="127" count="8" type="stmt"/>
      <line num="128" count="8" type="cond" truecount="1" falsecount="0"/>
      <line num="129" count="7" type="cond" truecount="1" falsecount="0"/>
      <line num="130" count="6" type="stmt"/>
      <line num="132" count="7" type="stmt"/>
      <line num="133" count="7" type="stmt"/>
      <line num="134" count="7" type="stmt"/>
      <line num="136" count="8" type="cond" truecount="1" falsecount="0"/>
      <line num="137" count="1" type="stmt"/>
      <line num="141" count="8" type="stmt"/>
      <line num="145" count="3" type="stmt"/>
      <line num="148" count="1" type="cond" truecount="3" falsecount="1"/>
      <line num="150" count="10" type="cond" truecount="3" falsecount="1"/>
      <line num="153" count="1" type="stmt"/>
      <line num="157" count="1" type="stmt"/>
      <line num="158" count="1" type="stmt"/>
    </file>
  </project>
</coverage>
