{"/Users/zane/.liq/playground/liquid-labs/worker-manager/src/worker-manager.mjs": {"path":"/Users/zane/.liq/playground/liquid-labs/worker-manager/src/worker-manager.mjs","statementMap":{"0":{"start":{"line":1,"column":0},"end":{"line":1,"column":39}},"1":{"start":{"line":3,"column":18},"end":{"line":9,"column":1}},"2":{"start":{"line":11,"column":0},"end":{"line":11,"column":null}},"3":{"start":{"line":13,"column":19},"end":{"line":160,"column":null}},"4":{"start":{"line":24,"column":10},"end":{"line":14,"column":null}},"5":{"start":{"line":14,"column":12},"end":{"line":14,"column":null}},"6":{"start":{"line":14,"column":12},"end":{"line":17,"column":null}},"7":{"start":{"line":25,"column":4},"end":{"line":25,"column":null}},"8":{"start":{"line":26,"column":4},"end":{"line":26,"column":null}},"9":{"start":{"line":28,"column":4},"end":{"line":37,"column":null}},"10":{"start":{"line":29,"column":6},"end":{"line":36,"column":null}},"11":{"start":{"line":30,"column":27},"end":{"line":30,"column":47}},"12":{"start":{"line":31,"column":8},"end":{"line":35,"column":null}},"13":{"start":{"line":33,"column":10},"end":{"line":33,"column":null}},"14":{"start":{"line":34,"column":10},"end":{"line":34,"column":null}},"15":{"start":{"line":41,"column":11},"end":{"line":41,"column":20}},"16":{"start":{"line":49,"column":19},"end":{"line":49,"column":54}},"17":{"start":{"line":50,"column":25},"end":{"line":50,"column":31}},"18":{"start":{"line":51,"column":4},"end":{"line":56,"column":null}},"19":{"start":{"line":52,"column":19},"end":{"line":52,"column":39}},"20":{"start":{"line":53,"column":6},"end":{"line":55,"column":null}},"21":{"start":{"line":54,"column":8},"end":{"line":54,"column":null}},"22":{"start":{"line":57,"column":4},"end":{"line":57,"column":null}},"23":{"start":{"line":59,"column":4},"end":{"line":59,"column":null}},"24":{"start":{"line":61,"column":4},"end":{"line":72,"column":null}},"25":{"start":{"line":74,"column":4},"end":{"line":83,"column":null}},"26":{"start":{"line":75,"column":19},"end":{"line":75,"column":39}},"27":{"start":{"line":76,"column":6},"end":{"line":79,"column":null}},"28":{"start":{"line":77,"column":8},"end":{"line":77,"column":null}},"29":{"start":{"line":78,"column":8},"end":{"line":78,"column":null}},"30":{"start":{"line":80,"column":6},"end":{"line":82,"column":null}},"31":{"start":{"line":81,"column":8},"end":{"line":81,"column":null}},"32":{"start":{"line":84,"column":4},"end":{"line":98,"column":null}},"33":{"start":{"line":85,"column":6},"end":{"line":88,"column":null}},"34":{"start":{"line":87,"column":8},"end":{"line":87,"column":null}},"35":{"start":{"line":89,"column":19},"end":{"line":89,"column":39}},"36":{"start":{"line":90,"column":6},"end":{"line":93,"column":null}},"37":{"start":{"line":91,"column":8},"end":{"line":91,"column":null}},"38":{"start":{"line":92,"column":8},"end":{"line":92,"column":null}},"39":{"start":{"line":94,"column":6},"end":{"line":96,"column":null}},"40":{"start":{"line":95,"column":8},"end":{"line":95,"column":null}},"41":{"start":{"line":97,"column":6},"end":{"line":97,"column":null}},"42":{"start":{"line":99,"column":4},"end":{"line":112,"column":null}},"43":{"start":{"line":100,"column":6},"end":{"line":103,"column":null}},"44":{"start":{"line":102,"column":8},"end":{"line":102,"column":null}},"45":{"start":{"line":104,"column":19},"end":{"line":104,"column":39}},"46":{"start":{"line":105,"column":6},"end":{"line":108,"column":null}},"47":{"start":{"line":106,"column":8},"end":{"line":106,"column":null}},"48":{"start":{"line":107,"column":8},"end":{"line":107,"column":null}},"49":{"start":{"line":109,"column":6},"end":{"line":111,"column":null}},"50":{"start":{"line":110,"column":8},"end":{"line":110,"column":null}},"51":{"start":{"line":113,"column":4},"end":{"line":125,"column":null}},"52":{"start":{"line":114,"column":19},"end":{"line":114,"column":39}},"53":{"start":{"line":115,"column":6},"end":{"line":115,"column":null}},"54":{"start":{"line":116,"column":6},"end":{"line":121,"column":null}},"55":{"start":{"line":117,"column":24},"end":{"line":117,"column":31}},"56":{"start":{"line":118,"column":8},"end":{"line":120,"column":null}},"57":{"start":{"line":119,"column":10},"end":{"line":119,"column":null}},"58":{"start":{"line":122,"column":6},"end":{"line":124,"column":null}},"59":{"start":{"line":123,"column":8},"end":{"line":123,"column":null}},"60":{"start":{"line":126,"column":4},"end":{"line":139,"column":null}},"61":{"start":{"line":127,"column":19},"end":{"line":127,"column":39}},"62":{"start":{"line":128,"column":6},"end":{"line":135,"column":null}},"63":{"start":{"line":129,"column":8},"end":{"line":131,"column":9}},"64":{"start":{"line":130,"column":10},"end":{"line":130,"column":null}},"65":{"start":{"line":132,"column":8},"end":{"line":132,"column":null}},"66":{"start":{"line":133,"column":8},"end":{"line":133,"column":null}},"67":{"start":{"line":134,"column":8},"end":{"line":134,"column":null}},"68":{"start":{"line":136,"column":6},"end":{"line":138,"column":null}},"69":{"start":{"line":137,"column":8},"end":{"line":137,"column":null}},"70":{"start":{"line":141,"column":4},"end":{"line":141,"column":null}},"71":{"start":{"line":145,"column":4},"end":{"line":145,"column":null}},"72":{"start":{"line":148,"column":29},"end":{"line":148,"column":87}},"73":{"start":{"line":150,"column":24},"end":{"line":150,"column":60}},"74":{"start":{"line":153,"column":4},"end":{"line":153,"column":null}},"75":{"start":{"line":157,"column":4},"end":{"line":157,"column":null}},"76":{"start":{"line":158,"column":4},"end":{"line":158,"column":null}}},"fnMap":{"0":{"name":"(anonymous_0)","decl":{"start":{"line":19,"column":2},"end":{"line":19,"column":13}},"loc":{"start":{"line":24,"column":10},"end":{"line":38,"column":null}}},"1":{"name":"(anonymous_1)","decl":{"start":{"line":28,"column":16},"end":{"line":28,"column":22}},"loc":{"start":{"line":28,"column":22},"end":{"line":37,"column":5}}},"2":{"name":"(anonymous_2)","decl":{"start":{"line":40,"column":2},"end":{"line":40,"column":8}},"loc":{"start":{"line":48,"column":10},"end":{"line":142,"column":3}}},"3":{"name":"(anonymous_3)","decl":{"start":{"line":41,"column":11},"end":{"line":41,"column":20}},"loc":{"start":{"line":41,"column":11},"end":{"line":41,"column":20}}},"4":{"name":"(anonymous_4)","decl":{"start":{"line":51,"column":25},"end":{"line":51,"column":31}},"loc":{"start":{"line":51,"column":31},"end":{"line":56,"column":5}}},"5":{"name":"(anonymous_5)","decl":{"start":{"line":74,"column":24},"end":{"line":74,"column":30}},"loc":{"start":{"line":74,"column":30},"end":{"line":83,"column":5}}},"6":{"name":"(anonymous_6)","decl":{"start":{"line":84,"column":24},"end":{"line":84,"column":27}},"loc":{"start":{"line":84,"column":32},"end":{"line":98,"column":5}}},"7":{"name":"(anonymous_7)","decl":{"start":{"line":99,"column":31},"end":{"line":99,"column":34}},"loc":{"start":{"line":99,"column":39},"end":{"line":112,"column":5}}},"8":{"name":"(anonymous_8)","decl":{"start":{"line":113,"column":26},"end":{"line":113,"column":33}},"loc":{"start":{"line":113,"column":38},"end":{"line":125,"column":5}}},"9":{"name":"(anonymous_9)","decl":{"start":{"line":126,"column":23},"end":{"line":126,"column":27}},"loc":{"start":{"line":126,"column":32},"end":{"line":139,"column":5}}},"10":{"name":"(anonymous_10)","decl":{"start":{"line":144,"column":2},"end":{"line":144,"column":5}},"loc":{"start":{"line":144,"column":16},"end":{"line":146,"column":null}}},"11":{"name":"(anonymous_11)","decl":{"start":{"line":148,"column":2},"end":{"line":148,"column":16}},"loc":{"start":{"line":148,"column":27},"end":{"line":148,"column":null}}},"12":{"name":"(anonymous_12)","decl":{"start":{"line":150,"column":2},"end":{"line":150,"column":11}},"loc":{"start":{"line":150,"column":22},"end":{"line":150,"column":null}}},"13":{"name":"(anonymous_13)","decl":{"start":{"line":152,"column":2},"end":{"line":152,"column":6}},"loc":{"start":{"line":152,"column":9},"end":{"line":154,"column":null}}},"14":{"name":"(anonymous_14)","decl":{"start":{"line":156,"column":2},"end":{"line":156,"column":8}},"loc":{"start":{"line":156,"column":19},"end":{"line":159,"column":null}}}},"branchMap":{"0":{"loc":{"start":{"line":19,"column":14},"end":{"line":24,"column":8}},"type":"default-arg","locations":[{"start":{"line":24,"column":6},"end":{"line":24,"column":8}}]},"1":{"loc":{"start":{"line":20,"column":4},"end":{"line":20,"column":29}},"type":"default-arg","locations":[{"start":{"line":20,"column":20},"end":{"line":20,"column":29}}]},"2":{"loc":{"start":{"line":21,"column":4},"end":{"line":21,"column":18}},"type":"default-arg","locations":[{"start":{"line":21,"column":13},"end":{"line":21,"column":18}}]},"3":{"loc":{"start":{"line":22,"column":4},"end":{"line":22,"column":27}},"type":"default-arg","locations":[{"start":{"line":22,"column":13},"end":{"line":22,"column":27}}]},"4":{"loc":{"start":{"line":23,"column":4},"end":{"line":23,"column":33}},"type":"default-arg","locations":[{"start":{"line":23,"column":14},"end":{"line":23,"column":33}}]},"5":{"loc":{"start":{"line":31,"column":8},"end":{"line":35,"column":null}},"type":"if","locations":[{"start":{"line":31,"column":8},"end":{"line":35,"column":null}}]},"6":{"loc":{"start":{"line":31,"column":13},"end":{"line":32,"column":69}},"type":"binary-expr","locations":[{"start":{"line":31,"column":13},"end":{"line":31,"column":46}},{"start":{"line":31,"column":50},"end":{"line":31,"column":79}},{"start":{"line":32,"column":15},"end":{"line":32,"column":69}}]},"7":{"loc":{"start":{"line":31,"column":13},"end":{"line":31,"column":37}},"type":"cond-expr","locations":[{"start":{"line":31,"column":23},"end":{"line":31,"column":25}},{"start":{"line":31,"column":13},"end":{"line":31,"column":37}}]},"8":{"loc":{"start":{"line":31,"column":13},"end":{"line":31,"column":25}},"type":"binary-expr","locations":[{"start":{"line":31,"column":13},"end":{"line":31,"column":25}},{"start":{"line":31,"column":13},"end":{"line":31,"column":25}}]},"9":{"loc":{"start":{"line":31,"column":50},"end":{"line":31,"column":69}},"type":"cond-expr","locations":[{"start":{"line":31,"column":60},"end":{"line":31,"column":62}},{"start":{"line":31,"column":50},"end":{"line":31,"column":69}}]},"10":{"loc":{"start":{"line":31,"column":50},"end":{"line":31,"column":62}},"type":"binary-expr","locations":[{"start":{"line":31,"column":50},"end":{"line":31,"column":62}},{"start":{"line":31,"column":50},"end":{"line":31,"column":62}}]},"11":{"loc":{"start":{"line":32,"column":38},"end":{"line":32,"column":59}},"type":"cond-expr","locations":[{"start":{"line":32,"column":48},"end":{"line":32,"column":50}},{"start":{"line":32,"column":38},"end":{"line":32,"column":59}}]},"12":{"loc":{"start":{"line":32,"column":38},"end":{"line":32,"column":50}},"type":"binary-expr","locations":[{"start":{"line":32,"column":38},"end":{"line":32,"column":50}},{"start":{"line":32,"column":38},"end":{"line":32,"column":50}}]},"13":{"loc":{"start":{"line":33,"column":10},"end":{"line":33,"column":46}},"type":"binary-expr","locations":[{"start":{"line":33,"column":10},"end":{"line":33,"column":35}},{"start":{"line":33,"column":33},"end":{"line":33,"column":35}},{"start":{"line":33,"column":10},"end":{"line":33,"column":46}}]},"14":{"loc":{"start":{"line":40,"column":9},"end":{"line":48,"column":8}},"type":"default-arg","locations":[{"start":{"line":48,"column":6},"end":{"line":48,"column":8}}]},"15":{"loc":{"start":{"line":41,"column":4},"end":{"line":41,"column":null}},"type":"default-arg","locations":[{"start":{"line":41,"column":11},"end":{"line":41,"column":null}}]},"16":{"loc":{"start":{"line":53,"column":6},"end":{"line":55,"column":null}},"type":"if","locations":[{"start":{"line":53,"column":6},"end":{"line":55,"column":null}}]},"17":{"loc":{"start":{"line":76,"column":6},"end":{"line":79,"column":null}},"type":"if","locations":[{"start":{"line":76,"column":6},"end":{"line":79,"column":null}}]},"18":{"loc":{"start":{"line":80,"column":6},"end":{"line":82,"column":null}},"type":"if","locations":[{"start":{"line":80,"column":6},"end":{"line":82,"column":null}}]},"19":{"loc":{"start":{"line":85,"column":6},"end":{"line":88,"column":null}},"type":"if","locations":[{"start":{"line":85,"column":6},"end":{"line":88,"column":null}}]},"20":{"loc":{"start":{"line":90,"column":6},"end":{"line":93,"column":null}},"type":"if","locations":[{"start":{"line":90,"column":6},"end":{"line":93,"column":null}}]},"21":{"loc":{"start":{"line":94,"column":6},"end":{"line":96,"column":null}},"type":"if","locations":[{"start":{"line":94,"column":6},"end":{"line":96,"column":null}}]},"22":{"loc":{"start":{"line":100,"column":6},"end":{"line":103,"column":null}},"type":"if","locations":[{"start":{"line":100,"column":6},"end":{"line":103,"column":null}}]},"23":{"loc":{"start":{"line":105,"column":6},"end":{"line":108,"column":null}},"type":"if","locations":[{"start":{"line":105,"column":6},"end":{"line":108,"column":null}}]},"24":{"loc":{"start":{"line":109,"column":6},"end":{"line":111,"column":null}},"type":"if","locations":[{"start":{"line":109,"column":6},"end":{"line":111,"column":null}}]},"25":{"loc":{"start":{"line":116,"column":6},"end":{"line":121,"column":null}},"type":"if","locations":[{"start":{"line":116,"column":6},"end":{"line":121,"column":null}}]},"26":{"loc":{"start":{"line":118,"column":8},"end":{"line":120,"column":null}},"type":"if","locations":[{"start":{"line":118,"column":8},"end":{"line":120,"column":null}}]},"27":{"loc":{"start":{"line":122,"column":6},"end":{"line":124,"column":null}},"type":"if","locations":[{"start":{"line":122,"column":6},"end":{"line":124,"column":null}}]},"28":{"loc":{"start":{"line":128,"column":6},"end":{"line":135,"column":null}},"type":"if","locations":[{"start":{"line":128,"column":6},"end":{"line":135,"column":null}}]},"29":{"loc":{"start":{"line":129,"column":8},"end":{"line":131,"column":9}},"type":"if","locations":[{"start":{"line":129,"column":8},"end":{"line":131,"column":9}}]},"30":{"loc":{"start":{"line":136,"column":6},"end":{"line":138,"column":null}},"type":"if","locations":[{"start":{"line":136,"column":6},"end":{"line":138,"column":null}}]},"31":{"loc":{"start":{"line":148,"column":51},"end":{"line":148,"column":85}},"type":"cond-expr","locations":[{"start":{"line":148,"column":72},"end":{"line":148,"column":74}},{"start":{"line":148,"column":52},"end":{"line":148,"column":85}}]},"32":{"loc":{"start":{"line":148,"column":51},"end":{"line":148,"column":74}},"type":"binary-expr","locations":[{"start":{"line":148,"column":51},"end":{"line":148,"column":74}},{"start":{"line":148,"column":72},"end":{"line":148,"column":74}}]},"33":{"loc":{"start":{"line":150,"column":24},"end":{"line":150,"column":59}},"type":"cond-expr","locations":[{"start":{"line":150,"column":51},"end":{"line":150,"column":53}},{"start":{"line":150,"column":31},"end":{"line":150,"column":59}}]},"34":{"loc":{"start":{"line":150,"column":24},"end":{"line":150,"column":53}},"type":"binary-expr","locations":[{"start":{"line":150,"column":24},"end":{"line":150,"column":53}},{"start":{"line":150,"column":51},"end":{"line":150,"column":53}}]}},"s":{"0":1,"1":1,"2":1,"3":1,"4":9,"5":18,"6":9,"7":9,"8":9,"9":9,"10":7,"11":1,"12":1,"13":1,"14":1,"15":1,"16":8,"17":8,"18":8,"19":1,"20":1,"21":1,"22":8,"23":8,"24":8,"25":8,"26":8,"27":8,"28":8,"29":8,"30":8,"31":1,"32":8,"33":1,"34":1,"35":1,"36":1,"37":1,"38":1,"39":1,"40":1,"41":1,"42":8,"43":0,"44":0,"45":0,"46":0,"47":0,"48":0,"49":0,"50":0,"51":8,"52":13,"53":13,"54":13,"55":13,"56":13,"57":1,"58":13,"59":1,"60":8,"61":8,"62":8,"63":7,"64":6,"65":7,"66":7,"67":7,"68":8,"69":1,"70":8,"71":3,"72":1,"73":11,"74":1,"75":1,"76":1},"f":{"0":9,"1":7,"2":8,"3":1,"4":1,"5":8,"6":1,"7":0,"8":13,"9":8,"10":3,"11":1,"12":11,"13":1,"14":1},"b":{"0":[7],"1":[8],"2":[9],"3":[8],"4":[8],"5":[1],"6":[1,0,1],"7":[0,1],"8":[1,1],"9":[0,0],"10":[0,0],"11":[0,1],"12":[1,1],"13":[1,1,1],"14":[1],"15":[1],"16":[1],"17":[8],"18":[1],"19":[1],"20":[1],"21":[1],"22":[0],"23":[0],"24":[0],"25":[13],"26":[1],"27":[1],"28":[7],"29":[6],"30":[1],"31":[0,1],"32":[1,1],"33":[0,11],"34":[11,11]}}
}
